es/yy/bjpk/proguard/seeds.txt
com.byc.bjpk.R$array: int arrGameAddr
com.byc.bjpk.R$array: int arrGameBetWay
com.byc.bjpk.R$array: int arrGames
com.byc.bjpk.R$array: int speed
com.byc.bjpk.R$dimen: int activity_horizontal_margin
com.byc.bjpk.R$dimen: int activity_vertical_margin
com.byc.bjpk.R$drawable: int bj
com.byc.bjpk.R$drawable: int float_button_get
com.byc.bjpk.R$drawable: int float_button_ret
com.byc.bjpk.R$drawable: int ic_launcher
com.byc.bjpk.R$drawable: int ico
com.byc.bjpk.R$drawable: int m0
com.byc.bjpk.R$drawable: int m1
com.byc.bjpk.R$drawable: int m2
com.byc.bjpk.R$drawable: int m3
com.byc.bjpk.R$drawable: int m4
com.byc.bjpk.R$drawable: int m5
com.byc.bjpk.R$drawable: int m6
com.byc.bjpk.R$drawable: int m7
com.byc.bjpk.R$drawable: int m8
com.byc.bjpk.R$drawable: int m9
com.byc.bjpk.R$drawable: int p0
com.byc.bjpk.R$drawable: int p1
com.byc.bjpk.R$drawable: int p2
com.byc.bjpk.R$drawable: int p3
com.byc.bjpk.R$drawable: int p4
com.byc.bjpk.R$drawable: int p5
com.byc.bjpk.R$drawable: int p6
com.byc.bjpk.R$drawable: int p7
com.byc.bjpk.R$drawable: int p8
com.byc.bjpk.R$drawable: int p9
com.byc.bjpk.R$drawable: int tiao
com.byc.bjpk.R$id: int ImageView01
com.byc.bjpk.R$id: int LinearLayout1
com.byc.bjpk.R$id: int ScrollView1
com.byc.bjpk.R$id: int action_close
com.byc.bjpk.R$id: int action_floatwindow
com.byc.bjpk.R$id: int action_settings
com.byc.bjpk.R$id: int action_web_return
com.byc.bjpk.R$id: int btClose
com.byc.bjpk.R$id: int btOK
com.byc.bjpk.R$id: int btReg
com.byc.bjpk.R$id: int btRunGame
com.byc.bjpk.R$id: int btStart
com.byc.bjpk.R$id: int etPWD
com.byc.bjpk.R$id: int etRegCode
com.byc.bjpk.R$id: int fbtGet
com.byc.bjpk.R$id: int fbtMove
com.byc.bjpk.R$id: int fbtRet
com.byc.bjpk.R$id: int iv0
com.byc.bjpk.R$id: int ll_content
com.byc.bjpk.R$id: int rbChildrenSound
com.byc.bjpk.R$id: int rbCloseSound
com.byc.bjpk.R$id: int rbFemaleSound
com.byc.bjpk.R$id: int rbHaopai10
com.byc.bjpk.R$id: int rbHaopai20
com.byc.bjpk.R$id: int rbHaopai30
com.byc.bjpk.R$id: int rbHaopai40
com.byc.bjpk.R$id: int rbHaopai50
com.byc.bjpk.R$id: int rbHaopai60
com.byc.bjpk.R$id: int rbHaopai70
com.byc.bjpk.R$id: int rbHaopai80
com.byc.bjpk.R$id: int rbHaopai90
com.byc.bjpk.R$id: int rbMaleSound
com.byc.bjpk.R$id: int rbMotionMaleSound
com.byc.bjpk.R$id: int rbSpecialMaleSound
com.byc.bjpk.R$id: int rgSelHaopai
com.byc.bjpk.R$id: int rgSelSoundMode
com.byc.bjpk.R$id: int spSelGame
com.byc.bjpk.R$id: int spSelGameAddr
com.byc.bjpk.R$id: int spSelGameBetWay
com.byc.bjpk.R$id: int surface
com.byc.bjpk.R$id: int swData
com.byc.bjpk.R$id: int swHaoPai
com.byc.bjpk.R$id: int swNn
com.byc.bjpk.R$layout: int activity_camera
com.byc.bjpk.R$layout: int activity_lock
com.byc.bjpk.R$layout: int activity_main
com.byc.bjpk.R$layout: int activity_splash
com.byc.bjpk.R$layout: int activity_web
com.byc.bjpk.R$layout: int float_calc_thunder_show
com.byc.bjpk.R$layout: int float_click_delay_show
com.byc.bjpk.R$layout: int float_layout
com.byc.bjpk.R$layout: int float_lock
com.byc.bjpk.R$layout: int float_window_layout
com.byc.bjpk.R$menu: int main
com.byc.bjpk.R$menu: int web
com.byc.bjpk.R$string: int Title
com.byc.bjpk.R$string: int accessibility_description
com.byc.bjpk.R$string: int action_close
com.byc.bjpk.R$string: int action_floatwindow
com.byc.bjpk.R$string: int action_settings
com.byc.bjpk.R$string: int action_web_return
com.byc.bjpk.R$string: int app_name
com.byc.bjpk.R$string: int float_btReturn
com.byc.bjpk.R$string: int floating
com.byc.bjpk.R$string: int hello_world
com.byc.bjpk.R$string: int lock_say
com.byc.bjpk.R$string: int nn_remark
com.byc.bjpk.R$string: int service_name
com.byc.bjpk.R$string: int title_activity_camera
com.byc.bjpk.R$string: int title_activity_lock
com.byc.bjpk.R$string: int title_activity_web
com.byc.bjpk.R$style: int AppBaseTheme
com.byc.bjpk.R$style: int AppTheme
com.byc.bjpk.R$xml: int lock
com.byc.bjpk.R$xml: int qianghongbao_service_config
com.byc.bjpk.WebActivity
com.byc.bjpk.WebActivity: WebActivity()
...
com.baidu.tts.j.a$a
com.baidu.tts.j.a$a: void a()
com.baidu.tts.j.b
com.baidu.tts.j.b: com.baidu.tts.aop.tts.TtsError b()
com.baidu.tts.j.b: void c()
com.baidu.tts.j.b: void d()
com.baidu.tts.j.b: void e()
com.baidu.tts.j.b: void f()
com.baidu.tts.jni.EmbeddedSynthesizerEngine
com.baidu.tts.jni.EmbeddedSynthesizerEngine: java.lang.String TAG
com.baidu.tts.jni.EmbeddedSynthesizerEngine: com.baidu.tts.jni.EmbeddedSynthesizerEngine$OnNewDataListener mNewDataListener
com.baidu.tts.jni.EmbeddedSynthesizerEngine: EmbeddedSynthesizerEngine()
com.baidu.tts.jni.EmbeddedSynthesizerEngine: void setOnNewDataListener(com.baidu.tts.jni.EmbeddedSynthesizerEngine$OnNewDataListener)
com.baidu.tts.jni.EmbeddedSynthesizerEngine: int newAudioDataCallback(byte[],int)
com.baidu.tts.jni.EmbeddedSynthesizerEngine: int bdTTSEngineInit(byte[],byte[],long[])
com.baidu.tts.jni.EmbeddedSynthesizerEngine: int bdTTSReInitData(byte[],long)
com.baidu.tts.jni.EmbeddedSynthesizerEngine: int bdTTSDomainDataInit(byte[],long)
com.baidu.tts.jni.EmbeddedSynthesizerEngine: int bdTTSDomainDataUninit(long)
com.baidu.tts.jni.EmbeddedSynthesizerEngine: int bdTTSSetText(long,byte[],int)
com.baidu.tts.jni.EmbeddedSynthesizerEngine: int bdTTSSetParam(long,int,long)
com.baidu.tts.jni.EmbeddedSynthesizerEngine: int bdTTSSetParamFloat(long,int,float)
com.baidu.tts.jni.EmbeddedSynthesizerEngine: int bdTTSSynthesis(long,byte[],int)
com.baidu.tts.jni.EmbeddedSynthesizerEngine: int bdTTSEngineUninit(long)
com.baidu.tts.jni.EmbeddedSynthesizerEngine: int bdTTSGetLicense(android.content.Context,java.lang.String,java.lang.String,java.lang.String,java.lang.String,java.lang.String)
com.baidu.tts.jni.EmbeddedSynthesizerEngine$OnNewDataListener
com.baidu.tts.jni.EmbeddedSynthesizerEngine$OnNewDataListener: int onNewData(byte[],int)
com.baidu.tts.k.a
com.baidu.tts.k.a: boolean g()
com.baidu.tts.k.b
com.baidu.tts.k.c
com.baidu.tts.k.c: java.util.concurrent.ConcurrentMap a
com.baidu.tts.k.c: c()
com.baidu.tts.k.c: com.baidu.tts.k.a a(com.baidu.tts.k.b)
com.baidu.tts.k.c: com.baidu.tts.k.b b(com.baidu.tts.k.b)
com.baidu.tts.k.c: void a()
com.baidu.tts.l.a
com.baidu.tts.l.a: android.content.Context a
com.baidu.tts.l.a: com.baidu.tts.database.a b
com.baidu.tts.l.a: com.baidu.tts.database.d c
com.baidu.tts.l.a: com.baidu.tts.l.a.h d
com.baidu.tts.l.a: com.baidu.tts.d.d e
com.baidu.tts.l.a: a(android.content.Context)
com.baidu.tts.l.a: void g()
com.baidu.tts.l.a: com.baidu.tts.client.model.BasicHandler a(com.baidu.tts.client.model.Conditions)
com.baidu.tts.l.a: com.baidu.tts.client.model.BasicHandler a(com.baidu.tts.client.model.Conditions,boolean)
com.baidu.tts.l.a: com.baidu.tts.client.model.LibEngineParams a()
com.baidu.tts.l.a: com.baidu.tts.client.model.BasicHandler a(java.util.Set)
com.baidu.tts.l.a: com.baidu.tts.client.model.BasicHandler b(java.util.Set)
com.baidu.tts.l.a: com.baidu.tts.client.model.BasicHandler b()
com.baidu.tts.l.a: java.lang.String a(java.lang.String,java.lang.String)
com.baidu.tts.l.a: boolean a(java.lang.String)
com.baidu.tts.l.a: boolean b(java.lang.String)
com.baidu.tts.l.a: com.baidu.tts.client.model.DownloadHandler a(com.baidu.tts.d.b)
com.baidu.tts.l.a: void c()
com.baidu.tts.l.a: android.content.Context d()
com.baidu.tts.l.a: com.baidu.tts.database.a e()
com.baidu.tts.l.a: void c(java.lang.String)
com.baidu.tts.l.a: void a(java.lang.String,java.lang.String,java.lang.String)
com.baidu.tts.l.a: java.util.Map f()
com.baidu.tts.l.a: int a(int,int)
com.baidu.tts.l.a.a
com.baidu.tts.l.a.a: com.baidu.tts.aop.tts.TtsError a
com.baidu.tts.l.a.a: com.baidu.tts.client.model.ModelBags b
com.baidu.tts.l.a.a: a()
com.baidu.tts.l.a.a: com.baidu.tts.client.model.ModelBags a()
com.baidu.tts.l.a.a: void onFailure(int,org.apache.http.Header[],java.lang.String,java.lang.Throwable)
com.baidu.tts.l.a.a: void onFailure(int,org.apache.http.Header[],java.lang.Throwable,org.json.JSONObject)
com.baidu.tts.l.a.a: void onSuccess(int,org.apache.http.Header[],org.json.JSONObject)