es/yy/bjpk/proguard/mapping.txt
com.byc.bjpk.ProcessConnection -> com.byc.bjpk.a:
com.byc.bjpk.ProcessConnection$Stub -> com.byc.bjpk.b:
    void <init>() -> <init>
    android.os.IBinder asBinder() -> asBinder
    boolean onTransact(int,android.os.Parcel,android.os.Parcel,int) -> onTransact
com.byc.bjpk.WebActivity -> com.byc.bjpk.WebActivity:
    android.webkit.WebView mWebview -> a
    android.webkit.WebSettings mWebSettings -> b
    android.widget.TextView beginLoading -> c
    android.widget.TextView endLoading -> d
    android.widget.TextView loading -> e
    android.widget.TextView mtitle -> f
    java.lang.String mTitle -> g
    java.lang.String mUrl -> h
    void <init>() -> <init>
    void onCreate(android.os.Bundle) -> onCreate
    boolean onKeyDown(int,android.view.KeyEvent) -> onKeyDown
    void onDestroy() -> onDestroy
    boolean onCreateOptionsMenu(android.view.Menu) -> onCreateOptionsMenu
    boolean onOptionsItemSelected(android.view.MenuItem) -> onOptionsItemSelected
com.byc.bjpk.WebActivity$1 -> com.byc.bjpk.c:
    com.byc.bjpk.WebActivity this$0 -> a
    void <init>(com.byc.bjpk.WebActivity) -> <init>
    boolean shouldOverrideUrlLoading(android.webkit.WebView,java.lang.String) -> shouldOverrideUrlLoading
com.byc.bjpk.WebActivity$2 -> com.byc.bjpk.d:
    com.byc.bjpk.WebActivity this$0 -> a
    void <init>(com.byc.bjpk.WebActivity) -> <init>
    void onReceivedTitle(android.webkit.WebView,java.lang.String) -> onReceivedTitle
    void onProgressChanged(android.webkit.WebView,int) -> onProgressChanged
com.byc.bjpk.WebActivity$3 -> com.byc.bjpk.e:
    com.byc.bjpk.WebActivity this$0 -> a
    void <init>(com.byc.bjpk.WebActivity) -> <init>
    void onPageStarted(android.webkit.WebView,java.lang.String,android.graphics.Bitmap) -> onPageStarted
    void onPageFinished(android.webkit.WebView,java.lang.String) -> onPageFinished
com.byc.bjpk.WebActivity$4 -> com.byc.bjpk.f:
    com.byc.bjpk.WebActivity this$0 -> a
    void <init>(com.byc.bjpk.WebActivity) -> <init>
    void onReceivedSslError(android.webkit.WebView,android.webkit.SslErrorHandler,android.net.http.SslError) -> onReceivedSslError
...
com.baidu.tts.g.a.a -> com.baidu.tts.g.a.a:
    java.lang.String a -> a
    int b -> b
    void <init>(java.lang.String) -> <init>
    java.lang.Thread newThread(java.lang.Runnable) -> newThread
com.baidu.tts.h.a.a -> com.baidu.tts.h.a.a:
    com.baidu.tts.f.n a -> a
    void <init>(com.baidu.tts.f.n) -> <init>
    com.baidu.tts.f.n a() -> a
com.baidu.tts.h.a.b -> com.baidu.tts.h.a.b:
    void <init>(com.baidu.tts.f.n) -> <init>
    int a(com.baidu.tts.aop.tts.TtsError) -> a
    java.lang.String b(com.baidu.tts.aop.tts.TtsError) -> b
com.baidu.tts.h.a.c -> com.baidu.tts.h.a.c:
    com.baidu.tts.h.a.c a -> a
    java.util.Hashtable b -> b
    void <init>() -> <init>
    com.baidu.tts.h.a.c a() -> a
    com.baidu.tts.h.a.b a(com.baidu.tts.f.n) -> a
    com.baidu.tts.aop.tts.TtsError b(com.baidu.tts.f.n) -> b
    com.baidu.tts.aop.tts.TtsError a(com.baidu.tts.f.n,java.lang.Throwable) -> a
    com.baidu.tts.aop.tts.TtsError a(com.baidu.tts.f.n,int) -> a
    com.baidu.tts.aop.tts.TtsError a(com.baidu.tts.f.n,java.lang.String) -> a
    com.baidu.tts.aop.tts.TtsError a(com.baidu.tts.f.n,int,java.lang.String) -> a
    com.baidu.tts.aop.tts.TtsError a(com.baidu.tts.f.n,int,java.lang.String,java.lang.Throwable) -> a
    void <clinit>() -> <clinit>
com.baidu.tts.h.b.a -> com.baidu.tts.h.b.a:
    java.lang.ref.WeakReference a -> a
    java.lang.String b -> b
    java.lang.String c -> c
    void <init>(java.lang.ref.WeakReference) -> <init>
    java.lang.String a() -> a
    java.lang.String b() -> b
    android.content.Context c() -> c
com.baidu.tts.h.b.b -> com.baidu.tts.h.b.b:
    com.baidu.tts.h.b.b a -> a
    java.util.Hashtable b -> b
    java.lang.ref.WeakReference c -> c
    java.util.Hashtable d -> d
    void <init>() -> <init>
    com.baidu.tts.h.b.b a() -> a
    com.baidu.tts.aop.tts.TtsError b() -> b
    void c() -> c
    void d() -> d
    void e() -> e
    void f() -> f
    com.baidu.tts.h.b.a a(java.lang.ref.WeakReference) -> a
    com.baidu.tts.h.b.a g() -> g
    android.content.Context h() -> h
    void a(android.content.Context) -> a
    java.lang.String a(java.lang.String) -> a
    java.lang.String i() -> i
    java.lang.String j() -> j
    void <clinit>() -> <clinit>
com.baidu.tts.i.a.a -> com.baidu.tts.i.a.a:
    int a -> a
    int b -> b
    boolean c -> c
    float d -> d
    void <init>() -> <init>
    int a() -> a
    void a(int) -> a
    int b() -> b
    void b(int) -> b
    boolean c() -> c
    void a(boolean) -> a
    float d() -> d
    void a(float) -> a
com.baidu.tts.i.a.b -> com.baidu.tts.i.a.b:
    int a -> a
    int b -> b
    int c -> c
    int d -> d
    int e -> e
    int f -> f
    int g -> g
    void <init>() -> <init>
    void a(int) -> a
    void a() -> a
    void b() -> b
    void b(int) -> b
    int e() -> e
    int f() -> f
    boolean hasNext() -> hasNext
    com.baidu.tts.i.a.a c() -> c
    void remove() -> remove
    int d() -> d
    void c(int) -> c
    java.lang.Object next() -> next
com.baidu.tts.j.a -> com.baidu.tts.j.a:
    java.util.concurrent.locks.Lock d -> d
    java.util.concurrent.locks.Condition e -> e
    void <init>() -> <init>
    com.baidu.tts.aop.tts.TtsError b() -> b
    com.baidu.tts.aop.tts.TtsError g() -> g
    void A() -> A
    void h() -> h
    void c() -> c
    void i() -> i
    void d() -> d
    void j() -> j
    void e() -> e
    void k() -> k
    void f() -> f
    void l() -> l
    void a(com.baidu.tts.j.a$a) -> a
    void b(com.baidu.tts.j.a$a) -> b
    void B() -> B
    boolean C() -> C
    boolean m() -> m
    boolean n() -> n
com.baidu.tts.j.a$a -> com.baidu.tts.j.a$a:
    void a() -> a
com.baidu.tts.j.b -> com.baidu.tts.j.b:
    com.baidu.tts.aop.tts.TtsError b() -> b
    void c() -> c
    void d() -> d
    void e() -> e
    void f() -> f