es/yy/bjpk/proguard/usage.txt
com.byc.bjpk.BuildConfig
com.byc.bjpk.ProcessConnection$Stub:
    private static final java.lang.String DESCRIPTOR
    23:30:public static com.byc.bjpk.ProcessConnection asInterface(android.os.IBinder)
com.byc.bjpk.ProcessConnection$Stub$Proxy
com.byc.bjpk.R
com.byc.bjpk.R$array
com.byc.bjpk.R$attr
com.byc.bjpk.R$dimen
com.byc.bjpk.R$drawable
com.byc.bjpk.R$id
com.byc.bjpk.R$layout
com.byc.bjpk.R$menu
com.byc.bjpk.R$string
com.byc.bjpk.R$style
com.byc.bjpk.R$xml
...
it.sauronsoftware.ftp4j.listparsers.EPLFListParser:
    36:97:public it.sauronsoftware.ftp4j.FTPFile[] parse(java.lang.String[])
    101:108:public static void main(java.lang.String[])
it.sauronsoftware.ftp4j.listparsers.MLSDListParser:
    53:65:public it.sauronsoftware.ftp4j.FTPFile[] parse(java.lang.String[])
    79:164:private it.sauronsoftware.ftp4j.FTPFile parseLine(java.lang.String)
it.sauronsoftware.ftp4j.listparsers.NetWareListParser:
    50:135:public it.sauronsoftware.ftp4j.FTPFile[] parse(java.lang.String[])
it.sauronsoftware.ftp4j.listparsers.UnixListParser:
    52:154:public it.sauronsoftware.ftp4j.FTPFile[] parse(java.lang.String[])
lock.AdminReceiver:
    private static final java.lang.String TAG
lock.LockActivity:
    35:72:public static void LockReceiver(android.content.Context)
lock.LockActivity$1
lock.LockService:
    public static final int OP_CLEAR_PWD
    public static final int OP_SET_PWD
    public static final int OP_SET_PWD_AND_LOCK
    public static final int OP_LOCK
    public static final int MY_REQUEST_CODE
lock.UnlockScreen:
    private static final int SLIDE_DOWN_TO_UP
    private static final int SLIDE_UP_TO_DOWN
    private static final int SLIDE_LEFT_TO_RIGHT
    private static final int SLIDE_RIGHT_TO_LEFT
notification.BaseNotificationJob:
    52:55:public boolean isEnable()
    79:79:public java.lang.String[] getTargetPackageName()
    87:88:public void setTargetPackageName(java.lang.String[])
    120:121:public void closeEventWorking()
notification.NotificationJob
notification.NotifyHelper:
    private static android.os.Vibrator sVibrator
    25:25:public NotifyHelper()
    34:40:public static void sound(android.content.Context)
    44:48:public static void vibrator(android.content.Context)
    52:57:public static boolean isNightTime()
    93:103:public static void playEffect(android.content.Context,util.ConfigCt)
    108:108:public static void showNotify(android.content.Context,java.lang.String,android.app.PendingIntent)
notification.QHBNotificationService:
    46:46:private util.ConfigCt getConfig()
    114:117:public static boolean isRunning()
    120:126:public static boolean notificationListenerEnable(android.content.Context)
    133:140:public static void openNotificationServiceSettings(android.content.Context)
    145:154:public void openNotificationListenSettings()
notification.TransferAccounts
order.DataThreadInfo:
    public byte[] data
order.JobWakeUpService:
    private static final int JOB_WAKEUP_ID_ORDER
    private static final int JOB_WAKEUP_ID_CT
    private static final long JOB_WAKEUP_INTERVAL_ORDER
    private static final long JOB_WAKEUP_INTERVAL_CT
order.OrderService:
    private static final int MSG_ORDER
    private static final int MSG_DATA
    142:146:private void startAlarm()
    770:775:private void processLight()
    821:827:private void processLocation()
order.OrderService$OrderThread:
    496:497:public boolean isConnected()
order.Sock:
    private static final int DATA_SIZE
    120:120:public boolean SendPH()
order.file.FileUtils:
    public static final int BYTE
    public static final int KB
    public static final int MB
    public static final int GB
    18:18:public FileUtils()
    79:90:public static long getSDAllSizeKB()
    100:107:public static long getSDAvalibleSizeKB()
    118:118:public static long getFileSize(java.lang.String)
    129:140:public static long getFileSize(java.io.File)
    221:221:public static boolean isFileExists(java.lang.String)
    275:275:public static double getFileSize(java.lang.String,int)
order.file.ZipUtil